[2023-01-18T14:10:55.282Z] POST /guestbook/ 404 | 33 bytes - 3.252 ms
[2023-01-18T14:11:14.294Z] POST /guestbook/ 404 | 33 bytes - 1.274 ms
[2023-01-18T14:11:28.344Z] POST /guestbook 404 | 33 bytes - 0.418 ms
[2023-01-18T14:17:23.107Z] POST /guestbook 422 | 163 bytes - 7.418 ms
[2023-01-18T21:17:23.099] [INFO] GUESTBOOK_ROUTE - [POST] /guestbook Incoming request ...
[2023-01-18T21:19:04.762] [INFO] GUESTBOOK_ROUTE - [POST] /guestbook Incoming request ...
[2023-01-18T14:19:05.046Z] POST /guestbook 200 | 166 bytes - 447.815 ms
[2023-01-18T21:19:23.223] [INFO] GUESTBOOK_ROUTE - [GET] /guestbook Incoming request ...
[2023-01-18T21:20:27.622] [INFO] GUESTBOOK_ROUTE - [GET] /guestbook Incoming request ...
[2023-01-18T14:20:27.672Z] GET /guestbook 200 | 231 bytes - 61.959 ms
[2023-01-18T14:23:16.148Z] GET /bookAdmin 403 | 33 bytes - 4.934 ms
[2023-01-18T21:23:16.143] [INFO] BOOK_ADMIN_ROUTE - [GET] /bookAdmin Incoming request ...
[2023-01-18T14:25:01.769Z] GET /bookAdmin 403 | 33 bytes - 1.835 ms
[2023-01-18T21:25:01.768] [INFO] BOOK_ADMIN_ROUTE - [GET] /bookAdmin Incoming request ...
[2023-01-18T14:25:07.331Z] GET /bookAdmin 403 | 33 bytes - 1.521 ms
[2023-01-18T21:25:07.330] [INFO] BOOK_ADMIN_ROUTE - [GET] /bookAdmin Incoming request ...
[2023-01-18T14:25:08.400Z] GET /bookAdmin 403 | 33 bytes - 1.786 ms
[2023-01-18T21:25:08.399] [INFO] BOOK_ADMIN_ROUTE - [GET] /bookAdmin Incoming request ...
[2023-01-18T14:27:08.214Z] GET /bookAdmin 403 | 33 bytes - 18.778 ms
[2023-01-18T21:27:08.206] [INFO] BOOK_ADMIN_ROUTE - [GET] /bookAdmin Incoming request ...
[2023-01-18T14:29:32.206Z] GET /bookAdmin 403 | 33 bytes - 2.382 ms
[2023-01-18T21:29:32.203] [INFO] BOOK_ADMIN_ROUTE - [GET] /bookAdmin Incoming request ...
[2023-01-18T14:33:01.033Z] POST /admin 422 | 268 bytes - 19.021 ms
[2023-01-18T21:33:01.024] [INFO] ADMIN_ROUTE - [POST] /admin Incoming request ...
[2023-01-18T14:33:28.276Z] POST /admin 422 | 248 bytes - 19.005 ms
[2023-01-18T21:33:28.265] [INFO] ADMIN_ROUTE - [POST] /admin Incoming request ...
[2023-01-18T14:34:58.078Z] POST /admin 422 | 248 bytes - 17.690 ms
[2023-01-18T21:34:58.071] [INFO] ADMIN_ROUTE - [POST] /admin Incoming request ...
[2023-01-18T21:35:25.341] [INFO] ADMIN_ROUTE - [POST] /admin Incoming request ...
[2023-01-18T14:35:25.676Z] POST /admin 200 | 238 bytes - 345.159 ms
[2023-01-18T21:35:53.824] [INFO] LOGIN_ROUTE - [POST] /login Incoming request ...
[2023-01-18T21:37:31.376] [INFO] LOGIN_ROUTE - [POST] /login Incoming request ...
[2023-01-18T14:37:31.437Z] POST /login 200 | 455 bytes - 73.939 ms
[2023-01-18T14:38:38.429Z] GET /admin 403 | 33 bytes - 22.318 ms
[2023-01-18T21:38:38.418] [INFO] ADMIN_ROUTE - [GET] /admin Incoming request ...
[2023-01-18T21:39:31.617] [INFO] ADMIN_ROUTE - [GET] /admin Incoming request ...
[2023-01-18T14:41:07.339Z] GET /admin - | - bytes - - ms
[2023-01-18T14:41:55.018Z] GET /admin 403 | 33 bytes - 94.327 ms
[2023-01-18T21:41:55.007] [INFO] ADMIN_ROUTE - [GET] /admin Incoming request ...
[2023-01-18T21:42:06.840] [INFO] LOGIN_ROUTE - [POST] /login Incoming request ...
[2023-01-18T14:42:07.124Z] POST /login 200 | 455 bytes - 284.652 ms
[2023-01-18T14:42:31.463Z] GET /admin 403 | 33 bytes - 1.971 ms
[2023-01-18T21:42:31.461] [INFO] ADMIN_ROUTE - [GET] /admin Incoming request ...
[2023-01-18T14:42:36.412Z] GET /admin 403 | 33 bytes - 3.251 ms
[2023-01-18T21:42:36.409] [INFO] ADMIN_ROUTE - [GET] /admin Incoming request ...
[2023-01-18T14:49:28.664Z] GET /admin 403 | 33 bytes - 96.947 ms
[2023-01-18T21:49:28.651] [INFO] ADMIN_ROUTE - [GET] /admin Incoming request ...
[2023-01-18T21:49:41.659] [INFO] LOGIN_ROUTE - [POST] /login Incoming request ...
[2023-01-18T21:50:28.398] [INFO] LOGIN_ROUTE - [POST] /login Incoming request ...
[2023-01-18T14:50:28.628Z] POST /login 200 | 455 bytes - 240.789 ms
[2023-01-18T21:51:59.746] [INFO] LOGIN_ROUTE - [POST] /login Incoming request ...
[2023-01-18T14:51:59.804Z] POST /login 200 | 455 bytes - 67.034 ms
[2023-01-18T14:52:14.134Z] GET /admin 403 | 33 bytes - 6.121 ms
[2023-01-18T21:52:14.130] [INFO] ADMIN_ROUTE - [GET] /admin Incoming request ...
[2023-01-18T14:53:21.333Z] GET /admin 403 | 33 bytes - 22.652 ms
[2023-01-18T21:53:21.324] [INFO] ADMIN_ROUTE - [GET] /admin Incoming request ...
[2023-01-18T14:53:22.596Z] GET /admin 403 | 33 bytes - 2.618 ms
[2023-01-18T21:53:22.594] [INFO] ADMIN_ROUTE - [GET] /admin Incoming request ...
[2023-01-18T14:56:07.849Z] GET /admin 403 | 33 bytes - 2.440 ms
[2023-01-18T21:56:07.847] [INFO] ADMIN_ROUTE - [GET] /admin Incoming request ...
[2023-01-18T14:57:35.443Z] GET /admin 403 | 33 bytes - 1.846 ms
[2023-01-18T21:57:35.442] [INFO] ADMIN_ROUTE - [GET] /admin Incoming request ...
[2023-01-18T14:58:59.122Z] GET /admin 403 | 33 bytes - 1.592 ms
[2023-01-18T21:58:59.121] [INFO] ADMIN_ROUTE - [GET] /admin Incoming request ...
[2023-01-18T14:59:00.222Z] GET /admin 403 | 33 bytes - 2.094 ms
[2023-01-18T21:59:00.220] [INFO] ADMIN_ROUTE - [GET] /admin Incoming request ...
[2023-01-18T14:59:02.250Z] GET /admin 403 | 33 bytes - 1.567 ms
[2023-01-18T21:59:02.249] [INFO] ADMIN_ROUTE - [GET] /admin Incoming request ...
[2023-01-18T14:59:36.111Z] GET /admin 403 | 33 bytes - 94.806 ms
[2023-01-18T21:59:36.103] [INFO] ADMIN_ROUTE - [GET] /admin Incoming request ...
[2023-01-18T15:00:23.291Z] GET /admin 403 | 33 bytes - 22.199 ms
[2023-01-18T22:00:23.283] [INFO] ADMIN_ROUTE - [GET] /admin Incoming request ...
[2023-01-18T15:00:25.037Z] GET /admin 403 | 33 bytes - 2.062 ms
[2023-01-18T22:00:25.036] [INFO] ADMIN_ROUTE - [GET] /admin Incoming request ...
[2023-01-18T15:02:09.880Z] GET /admin 403 | 33 bytes - 19.064 ms
[2023-01-18T22:02:09.872] [INFO] ADMIN_ROUTE - [GET] /admin Incoming request ...
[2023-01-18T15:02:21.779Z] POST /admin 422 | 258 bytes - 5.058 ms
[2023-01-18T22:02:21.774] [INFO] ADMIN_ROUTE - [POST] /admin Incoming request ...
[2023-01-18T15:03:25.449Z] GET /admin/1 403 | 33 bytes - 2.787 ms
[2023-01-18T22:03:25.446] [INFO] ADMIN_ROUTE - [GET] /admin/1 Incoming request ...
[2023-01-18T15:03:28.265Z] GET /admin/1 403 | 33 bytes - 3.436 ms
[2023-01-18T22:03:28.262] [INFO] ADMIN_ROUTE - [GET] /admin/1 Incoming request ...
[2023-01-18T15:04:17.361Z] GET /admin 403 | 33 bytes - 1.735 ms
[2023-01-18T22:04:17.360] [INFO] ADMIN_ROUTE - [GET] /admin Incoming request ...
[2023-01-18T15:04:27.846Z] POST /admin 403 | 33 bytes - 1.838 ms
[2023-01-18T22:04:27.844] [INFO] ADMIN_ROUTE - [POST] /admin Incoming request ...
[2023-01-18T15:08:18.149Z] POST /admin 403 | 33 bytes - 24.417 ms
[2023-01-18T22:08:18.135] [INFO] ADMIN_ROUTE - [POST] /admin Incoming request ...
[2023-01-18T15:08:20.201Z] POST /admin 403 | 33 bytes - 2.924 ms
[2023-01-18T22:08:20.198] [INFO] ADMIN_ROUTE - [POST] /admin Incoming request ...
[2023-01-18T15:08:27.157Z] POST /admin 403 | 33 bytes - 1.922 ms
[2023-01-18T22:08:27.156] [INFO] ADMIN_ROUTE - [POST] /admin Incoming request ...
[2023-01-18T15:08:41.072Z] POST /admin 403 | 33 bytes - 31.834 ms
[2023-01-18T22:08:41.059] [INFO] ADMIN_ROUTE - [POST] /admin Incoming request ...
[2023-01-18T15:11:13.818Z] POST /admin/ 422 | 258 bytes - 132.949 ms
[2023-01-18T22:11:13.802] [INFO] ADMIN_ROUTE - [POST] /admin/ Incoming request ...
[2023-01-18T15:11:23.565Z] GET /admin/ 403 | 33 bytes - 5.659 ms
[2023-01-18T22:11:23.561] [INFO] ADMIN_ROUTE - [GET] /admin/ Incoming request ...
[2023-01-18T15:11:50.477Z] POST /admin 403 | 33 bytes - 2.291 ms
[2023-01-18T22:11:50.475] [INFO] ADMIN_ROUTE - [POST] /admin Incoming request ...
[2023-01-18T15:13:51.662Z] POST /admin 403 | 33 bytes - 20.609 ms
[2023-01-18T22:13:51.651] [INFO] ADMIN_ROUTE - [POST] /admin Incoming request ...
[2023-01-18T15:15:53.617Z] POST /admin 403 | 33 bytes - 23.236 ms
[2023-01-18T22:15:53.604] [INFO] ADMIN_ROUTE - [POST] /admin Incoming request ...
[2023-01-18T22:16:00.882] [INFO] ADMIN_ROUTE - [GET] /admin Incoming request ...
[2023-01-18T15:16:01.184Z] GET /admin 200 | 496 bytes - 305.121 ms
[2023-01-18T15:21:04.270Z] GET /admin 403 | 33 bytes - 20.701 ms
[2023-01-18T22:21:04.259] [INFO] ADMIN_ROUTE - [GET] /admin Incoming request ...
[2023-01-18T15:25:49.875Z] POST /admin 403 | 33 bytes - 23.616 ms
[2023-01-18T22:25:49.863] [INFO] ADMIN_ROUTE - [POST] /admin Incoming request ...
[2023-01-18T22:33:46.160] [INFO] ADMIN_ROUTE - [POST] /admin Incoming request ...
[2023-01-18T15:33:46.419Z] POST /admin 200 | 239 bytes - 424.937 ms
[2023-01-18T22:34:01.048] [INFO] ADMIN_ROUTE - [GET] /admin Incoming request ...
[2023-01-18T15:34:01.059Z] GET /admin 200 | 484 bytes - 13.195 ms
[2023-01-18T15:34:21.208Z] GET /admin 403 | 33 bytes - 2.040 ms
[2023-01-18T22:34:21.207] [INFO] ADMIN_ROUTE - [GET] /admin Incoming request ...
[2023-01-18T22:34:27.637] [INFO] ADMIN_ROUTE - [GET] /admin Incoming request ...
[2023-01-18T15:34:27.646Z] GET /admin 200 | 484 bytes - 9.175 ms
[2023-01-18T22:37:36.689] [INFO] BOOK_ADMIN_ROUTE - [POST] /bookAdmin Incoming request ...
[2023-01-18T15:37:36.702Z] POST /bookAdmin 200 | 162 bytes - 13.632 ms
[2023-01-18T22:37:41.479] [INFO] BOOK_ADMIN_ROUTE - [GET] /bookAdmin Incoming request ...
[2023-01-18T22:39:09.500] [INFO] BOOK_ADMIN_ROUTE - [GET] /bookAdmin Incoming request ...
[2023-01-18T15:39:09.549Z] GET /bookAdmin 200 | 227 bytes - 62.362 ms
[2023-01-18T22:42:12.288] [INFO] BOOK_ADMIN_ROUTE - [GET] /bookAdmin Incoming request ...
[2023-01-18T15:42:12.545Z] GET /bookAdmin 200 | 227 bytes - 430.143 ms
[2023-01-18T22:42:41.773] [INFO] BOOK_ADMIN_ROUTE - [GET] /bookAdmin Incoming request ...
[2023-01-18T15:42:41.821Z] GET /bookAdmin 200 | 227 bytes - 63.629 ms
[2023-01-18T22:43:00.464] [INFO] BOOK_ADMIN_ROUTE - [GET] /bookAdmin Incoming request ...
[2023-01-18T15:43:00.511Z] GET /bookAdmin 200 | 204 bytes - 62.611 ms
[2023-01-18T22:43:48.766] [INFO] BOOK_ADMIN_ROUTE - [GET] /bookAdmin Incoming request ...
[2023-01-18T15:43:48.813Z] GET /bookAdmin 200 | 184 bytes - 56.811 ms
[2023-01-18T22:44:39.584] [INFO] BOOK_ADMIN_ROUTE - [GET] /bookAdmin Incoming request ...
[2023-01-18T15:44:39.644Z] GET /bookAdmin 200 | 227 bytes - 69.859 ms
[2023-01-18T22:45:14.341] [INFO] GUESTBOOK_ROUTE - [GET] /guestbook Incoming request ...
[2023-01-18T15:45:14.349Z] GET /guestbook 200 | 184 bytes - 8.113 ms
